<?xml version="1.0" encoding="UTF-8"?>
<!-- Generated by org.testng.reporters.JUnitReportReporter -->
<testsuite hostname="DESKTOP-0V2RVJO" failures="0" tests="3" name="com.test.TestPrioritydemo" time="0.004" errors="0" timestamp="2022-03-29T20:04:01 IST" skipped="1">
  <testcase classname="com.test.TestPrioritydemo" name="setup" time="0.002"/>
  <system-out/>
  <testcase classname="com.test.TestPrioritydemo" name="login" time="0.002"/>
  <system-out/>
  <testcase classname="com.test.TestPrioritydemo" name="teardown">
    <skipped/>
  </testcase> <!-- teardown -->
  <system-out/>
</testsuite> <!-- com.test.TestPrioritydemo -->
