<?xml version="1.0" encoding="UTF-8"?>
<!-- Generated by org.testng.reporters.JUnitReportReporter -->
<testsuite hostname="DESKTOP-0V2RVJO" failures="0" tests="3" name="com.test.TestNgBasics" time="0.024" errors="0" timestamp="2022-03-29T20:04:01 IST" skipped="0">
  <testcase classname="com.test.TestNgBasics" name="searchTest" time="0.005"/>
  <system-out/>
  <testcase classname="com.test.TestNgBasics" name="googleTitleTest" time="0.010"/>
  <system-out/>
  <testcase classname="com.test.TestNgBasics" name="reload" time="0.009"/>
  <system-out/>
</testsuite> <!-- com.test.TestNgBasics -->
