<?xml version="1.0" encoding="UTF-8"?>
<!-- Generated by org.testng.reporters.JUnitReportReporter -->
<testsuite hostname="DESKTOP-0V2RVJO" failures="0" tests="3" name="com.test.Home_loan" time="0.019" errors="0" timestamp="2022-03-29T20:04:01 IST" skipped="0">
  <testcase classname="com.test.Home_loan" name="APILoginHomeLoan" time="0.002"/>
  <system-out/>
  <testcase classname="com.test.Home_loan" name="WebLoginHomeLoan" time="0.002"/>
  <system-out/>
  <testcase classname="com.test.Home_loan" name="MobileLoginHomeLoan" time="0.015"/>
  <system-out/>
</testsuite> <!-- com.test.Home_loan -->
