<?xml version="1.0" encoding="UTF-8"?>
<!-- Generated by org.testng.reporters.JUnitReportReporter -->
<testsuite hostname="DESKTOP-0V2RVJO" failures="0" tests="3" name="com.test.dataproviderdemo" time="0.015" errors="0" timestamp="2022-03-31T20:08:45 IST" skipped="0">
  <testcase classname="com.test.dataproviderdemo" name="loginTest" time="0.010"/>
  <system-out/>
  <testcase classname="com.test.dataproviderdemo" name="loginTest" time="0.003"/>
  <system-out/>
  <testcase classname="com.test.dataproviderdemo" name="loginTest" time="0.002"/>
  <system-out/>
</testsuite> <!-- com.test.dataproviderdemo -->
