<?xml version="1.0" encoding="UTF-8"?>
<!-- Generated by org.testng.reporters.JUnitReportReporter -->
<testsuite hostname="DESKTOP-0V2RVJO" failures="0" tests="3" name="com.test.Car_loan" time="0.013" errors="0" timestamp="2022-03-29T20:04:01 IST" skipped="0">
  <testcase classname="com.test.Car_loan" name="APILoginCarLoan" time="0.003"/>
  <system-out/>
  <testcase classname="com.test.Car_loan" name="MobileLoginCarLoan" time="0.008"/>
  <system-out/>
  <testcase classname="com.test.Car_loan" name="WebLoginCarLoan" time="0.002"/>
  <system-out/>
</testsuite> <!-- com.test.Car_loan -->
