<?xml version="1.0" encoding="UTF-8"?>
<!-- Generated by org.testng.reporters.JUnitReportReporter -->
<testsuite hostname="DESKTOP-0V2RVJO" failures="0" tests="6" name="com.test.module1" time="0.035" errors="0" timestamp="2022-03-29T20:04:01 IST" skipped="1">
  <testcase classname="com.test.module1" name="MobileLoginHomeLoan" time="0.003"/>
  <system-out/>
  <testcase classname="com.test.module1" name="LoginAPICarLoan" time="0.004"/>
  <system-out/>
  <testcase classname="com.test.module1" name="MobileLoginCarLoan" time="0.009"/>
  <system-out/>
  <testcase classname="com.test.module1" name="MobileLoginPersonalLoan" time="0.003"/>
  <system-out/>
  <testcase classname="com.test.module1" name="WebLoginCarLoan" time="0.016"/>
  <system-out/>
  <testcase classname="com.test.module1" name="test1">
    <skipped/>
  </testcase> <!-- test1 -->
  <system-out/>
</testsuite> <!-- com.test.module1 -->
