<?xml version="1.0" encoding="UTF-8"?>
<!-- Generated by org.testng.reporters.JUnitReportReporter -->
<testsuite hostname="DESKTOP-0V2RVJO" failures="0" tests="1" name="com.test.ExceptionTimeOutTest" time="0.003" errors="0" timestamp="2022-03-29T20:04:01 IST" skipped="0">
  <testcase classname="com.test.ExceptionTimeOutTest" name="test1" time="0.003"/>
  <system-out/>
</testsuite> <!-- com.test.ExceptionTimeOutTest -->
