<?xml version="1.0" encoding="UTF-8"?>
<!-- Generated by org.testng.reporters.JUnitReportReporter -->
<testsuite hostname="DESKTOP-0V2RVJO" failures="0" tests="3" name="com.test.module2" time="0.006" errors="0" timestamp="2022-03-29T20:04:01 IST" skipped="0">
  <testcase classname="com.test.module2" name="MobileLoginCarLoan" time="0.002"/>
  <system-out/>
  <testcase classname="com.test.module2" name="WebLoginCarLoan" time="0.002"/>
  <system-out/>
  <testcase classname="com.test.module2" name="APILoginCarLoan" time="0.002"/>
  <system-out/>
</testsuite> <!-- com.test.module2 -->
