<?xml version="1.0" encoding="UTF-8"?>
<!-- Generated by org.testng.reporters.JUnitReportReporter -->
<testsuite hostname="DESKTOP-0V2RVJO" failures="0" tests="2" name="com.test.TC1" time="0.013" errors="0" timestamp="2022-03-29T20:15:52 IST" skipped="0">
  <testcase classname="com.test.TC1" name="test2" time="0.004"/>
  <system-out/>
  <testcase classname="com.test.TC1" name="test1" time="0.009"/>
  <system-out/>
</testsuite> <!-- com.test.TC1 -->
