<?xml version="1.0" encoding="UTF-8"?>
<!-- Generated by org.testng.reporters.JUnitReportReporter -->
<testsuite hostname="DESKTOP-0V2RVJO" failures="0" tests="5" name="com.test.grouptestdemo" time="0.027" errors="0" timestamp="2022-03-31T18:24:27 IST" skipped="0">
  <testcase classname="com.test.grouptestdemo" name="test4" time="0.005"/>
  <system-out/>
  <testcase classname="com.test.grouptestdemo" name="test3" time="0.001"/>
  <system-out/>
  <testcase classname="com.test.grouptestdemo" name="test1" time="0.015"/>
  <system-out/>
  <testcase classname="com.test.grouptestdemo" name="test2" time="0.003"/>
  <system-out/>
  <testcase classname="com.test.grouptestdemo" name="test5" time="0.003"/>
  <system-out/>
</testsuite> <!-- com.test.grouptestdemo -->
