<?xml version="1.0" encoding="UTF-8"?>
<!-- Generated by org.testng.reporters.JUnitReportReporter -->
<testsuite hostname="DESKTOP-0V2RVJO" failures="0" tests="10" name="com.test.InovactionCount" time="0.032" errors="0" timestamp="2022-03-29T20:04:01 IST" skipped="0">
  <testcase classname="com.test.InovactionCount" name="sum" time="0.005"/>
  <system-out/>
  <testcase classname="com.test.InovactionCount" name="sum" time="0.002"/>
  <system-out/>
  <testcase classname="com.test.InovactionCount" name="sum" time="0.003"/>
  <system-out/>
  <testcase classname="com.test.InovactionCount" name="sum" time="0.002"/>
  <system-out/>
  <testcase classname="com.test.InovactionCount" name="sum" time="0.003"/>
  <system-out/>
  <testcase classname="com.test.InovactionCount" name="sum" time="0.002"/>
  <system-out/>
  <testcase classname="com.test.InovactionCount" name="sum" time="0.002"/>
  <system-out/>
  <testcase classname="com.test.InovactionCount" name="sum" time="0.006"/>
  <system-out/>
  <testcase classname="com.test.InovactionCount" name="sum" time="0.002"/>
  <system-out/>
  <testcase classname="com.test.InovactionCount" name="sum" time="0.005"/>
  <system-out/>
</testsuite> <!-- com.test.InovactionCount -->
