<?xml version="1.0" encoding="UTF-8"?>
<!-- Generated by org.testng.reporters.JUnitReportReporter -->
<testsuite hostname="DESKTOP-0V2RVJO" failures="0" tests="4" name="com.test.TestNgFeatures" time="0.010" errors="0" timestamp="2022-03-29T20:04:01 IST" skipped="0">
  <testcase classname="com.test.TestNgFeatures" name="homePageTest" time="0.002"/>
  <system-out/>
  <testcase classname="com.test.TestNgFeatures" name="loginTest" time="0.003"/>
  <system-out/>
  <testcase classname="com.test.TestNgFeatures" name="searchTest" time="0.003"/>
  <system-out/>
  <testcase classname="com.test.TestNgFeatures" name="RegistrationPageTest" time="0.002"/>
  <system-out/>
</testsuite> <!-- com.test.TestNgFeatures -->
